<?xml version="1.0" encoding="UTF-8"?>
<!-- Generated by org.testng.reporters.JUnitXMLReporter -->
<testsuite ignored="3" hostname="DESKTOP-HPDBO82" failures="0" tests="5" name="Multiple tests execution" time="34.809" errors="0" timestamp="2023-07-16T20:57:58 IST">
  <testcase classname="seleniumPrograms.ScrollPageWithTestNG" name="test2" time="2.883"/>
  <testcase classname="seleniumPrograms.TestNG2" name="test1" time="0.003"/>
  <testcase classname="seleniumPrograms.TestNG2" name="test2" time="0.003"/>
  <testcase classname="seleniumPrograms.TestNG2" name="test3" time="0.007"/>
  <testcase classname="seleniumPrograms.TestNGTest1" name="test1" time="0.02"/>
  <testcase classname="seleniumPrograms.ScrollPageWithTestNG" name="test3" time="0.0">
    <ignored/>
  </testcase> <!-- test3 -->
  <testcase classname="seleniumPrograms.ScrollPageWithTestNG" name="test4" time="0.0">
    <ignored/>
  </testcase> <!-- test4 -->
  <testcase classname="seleniumPrograms.ScrollPageWithTestNG" name="test1" time="0.0">
    <ignored/>
  </testcase> <!-- test1 -->
</testsuite> <!-- Multiple tests execution -->
