<?xml version="1.0" encoding="UTF-8"?>
<testng-results ignored="3" total="8" passed="5" failed="0" skipped="0">
  <reporter-output>
  </reporter-output>
  <suite started-at="2023-07-16T20:57:23 IST" name="TestNG Suite Demo with xml" finished-at="2023-07-16T20:57:58 IST" duration-ms="34809">
    <groups>
    </groups>
    <test started-at="2023-07-16T20:57:23 IST" name="Multiple tests execution" finished-at="2023-07-16T20:57:58 IST" duration-ms="34809">
      <class name="seleniumPrograms.TestNGTest1">
        <test-method is-config="true" signature="beforeSuite()[pri:0, instance:seleniumPrograms.TestNGTest1@3e11f9e9]" started-at="2023-07-16T20:57:23 IST" name="beforeSuite" finished-at="2023-07-16T20:57:23 IST" duration-ms="2" status="PASS">
          <reporter-output>
          </reporter-output>
        </test-method> <!-- beforeSuite -->
        <test-method is-config="true" signature="beforeTest()[pri:0, instance:seleniumPrograms.TestNGTest1@3e11f9e9]" started-at="2023-07-16T20:57:23 IST" name="beforeTest" finished-at="2023-07-16T20:57:23 IST" duration-ms="0" status="PASS">
          <reporter-output>
          </reporter-output>
        </test-method> <!-- beforeTest -->
        <test-method is-config="true" signature="beforeClass()[pri:0, instance:seleniumPrograms.TestNGTest1@3e11f9e9]" started-at="2023-07-16T20:57:58 IST" name="beforeClass" finished-at="2023-07-16T20:57:58 IST" duration-ms="1" status="PASS">
          <reporter-output>
          </reporter-output>
        </test-method> <!-- beforeClass -->
        <test-method is-config="true" signature="beforeMethod()[pri:0, instance:seleniumPrograms.TestNGTest1@3e11f9e9]" started-at="2023-07-16T20:57:58 IST" name="beforeMethod" finished-at="2023-07-16T20:57:58 IST" duration-ms="1" status="PASS">
          <reporter-output>
          </reporter-output>
        </test-method> <!-- beforeMethod -->
        <test-method signature="test1()[pri:0, instance:seleniumPrograms.TestNGTest1@3e11f9e9]" started-at="2023-07-16T20:57:58 IST" name="test1" finished-at="2023-07-16T20:57:58 IST" duration-ms="20" status="PASS">
          <reporter-output>
          </reporter-output>
        </test-method> <!-- test1 -->
        <test-method is-config="true" signature="afterMethod()[pri:0, instance:seleniumPrograms.TestNGTest1@3e11f9e9]" started-at="2023-07-16T20:57:58 IST" name="afterMethod" finished-at="2023-07-16T20:57:58 IST" duration-ms="1" status="PASS">
          <reporter-output>
          </reporter-output>
        </test-method> <!-- afterMethod -->
        <test-method is-config="true" signature="afterClass()[pri:0, instance:seleniumPrograms.TestNGTest1@3e11f9e9]" started-at="2023-07-16T20:57:58 IST" name="afterClass" finished-at="2023-07-16T20:57:58 IST" duration-ms="2" status="PASS">
          <reporter-output>
          </reporter-output>
        </test-method> <!-- afterClass -->
        <test-method is-config="true" signature="afterTest()[pri:0, instance:seleniumPrograms.TestNGTest1@3e11f9e9]" started-at="2023-07-16T20:57:58 IST" name="afterTest" finished-at="2023-07-16T20:57:58 IST" duration-ms="0" status="PASS">
          <reporter-output>
          </reporter-output>
        </test-method> <!-- afterTest -->
        <test-method is-config="true" signature="afterSuite()[pri:0, instance:seleniumPrograms.TestNGTest1@3e11f9e9]" started-at="2023-07-16T20:57:58 IST" name="afterSuite" finished-at="2023-07-16T20:57:58 IST" duration-ms="1" status="PASS">
          <reporter-output>
          </reporter-output>
        </test-method> <!-- afterSuite -->
      </class> <!-- seleniumPrograms.TestNGTest1 -->
      <class name="seleniumPrograms.ScrollPageWithTestNG">
        <test-method is-config="true" signature="beforeMethod()[pri:0, instance:seleniumPrograms.ScrollPageWithTestNG@4d465b11]" started-at="2023-07-16T20:57:23 IST" name="beforeMethod" finished-at="2023-07-16T20:57:48 IST" duration-ms="24661" status="PASS">
          <reporter-output>
          </reporter-output>
        </test-method> <!-- beforeMethod -->
        <test-method signature="test2()[pri:3, instance:seleniumPrograms.ScrollPageWithTestNG@4d465b11]" started-at="2023-07-16T20:57:48 IST" name="test2" finished-at="2023-07-16T20:57:51 IST" duration-ms="2883" status="PASS">
          <reporter-output>
          </reporter-output>
        </test-method> <!-- test2 -->
        <test-method is-config="true" signature="afterMethod()[pri:0, instance:seleniumPrograms.ScrollPageWithTestNG@4d465b11]" started-at="2023-07-16T20:57:51 IST" name="afterMethod" finished-at="2023-07-16T20:57:58 IST" duration-ms="7067" status="PASS">
          <reporter-output>
          </reporter-output>
        </test-method> <!-- afterMethod -->
      </class> <!-- seleniumPrograms.ScrollPageWithTestNG -->
      <class name="seleniumPrograms.TestNG2">
        <test-method is-config="true" signature="beforeSuite()[pri:0, instance:seleniumPrograms.TestNG2@53ce1329]" started-at="2023-07-16T20:57:23 IST" name="beforeSuite" finished-at="2023-07-16T20:57:23 IST" duration-ms="18" status="PASS">
          <reporter-output>
          </reporter-output>
        </test-method> <!-- beforeSuite -->
        <test-method is-config="true" signature="beforeTest()[pri:0, instance:seleniumPrograms.TestNG2@53ce1329]" started-at="2023-07-16T20:57:23 IST" name="beforeTest" finished-at="2023-07-16T20:57:23 IST" duration-ms="1" status="PASS">
          <reporter-output>
          </reporter-output>
        </test-method> <!-- beforeTest -->
        <test-method is-config="true" signature="beforeClass()[pri:0, instance:seleniumPrograms.TestNG2@53ce1329]" started-at="2023-07-16T20:57:58 IST" name="beforeClass" finished-at="2023-07-16T20:57:58 IST" duration-ms="0" status="PASS">
          <reporter-output>
          </reporter-output>
        </test-method> <!-- beforeClass -->
        <test-method is-config="true" signature="beforeMethod()[pri:0, instance:seleniumPrograms.TestNG2@53ce1329]" started-at="2023-07-16T20:57:58 IST" name="beforeMethod" finished-at="2023-07-16T20:57:58 IST" duration-ms="1" status="PASS">
          <reporter-output>
          </reporter-output>
        </test-method> <!-- beforeMethod -->
        <test-method signature="test1()[pri:0, instance:seleniumPrograms.TestNG2@53ce1329]" started-at="2023-07-16T20:57:58 IST" name="test1" finished-at="2023-07-16T20:57:58 IST" duration-ms="3" status="PASS">
          <reporter-output>
          </reporter-output>
        </test-method> <!-- test1 -->
        <test-method is-config="true" signature="afterMethod()[pri:0, instance:seleniumPrograms.TestNG2@53ce1329]" started-at="2023-07-16T20:57:58 IST" name="afterMethod" finished-at="2023-07-16T20:57:58 IST" duration-ms="3" status="PASS">
          <reporter-output>
          </reporter-output>
        </test-method> <!-- afterMethod -->
        <test-method is-config="true" signature="beforeMethod()[pri:0, instance:seleniumPrograms.TestNG2@53ce1329]" started-at="2023-07-16T20:57:58 IST" name="beforeMethod" finished-at="2023-07-16T20:57:58 IST" duration-ms="1" status="PASS">
          <reporter-output>
          </reporter-output>
        </test-method> <!-- beforeMethod -->
        <test-method signature="test2()[pri:0, instance:seleniumPrograms.TestNG2@53ce1329]" started-at="2023-07-16T20:57:58 IST" name="test2" finished-at="2023-07-16T20:57:58 IST" duration-ms="3" status="PASS">
          <reporter-output>
          </reporter-output>
        </test-method> <!-- test2 -->
        <test-method is-config="true" signature="afterMethod()[pri:0, instance:seleniumPrograms.TestNG2@53ce1329]" started-at="2023-07-16T20:57:58 IST" name="afterMethod" finished-at="2023-07-16T20:57:58 IST" duration-ms="1" status="PASS">
          <reporter-output>
          </reporter-output>
        </test-method> <!-- afterMethod -->
        <test-method is-config="true" signature="beforeMethod()[pri:0, instance:seleniumPrograms.TestNG2@53ce1329]" started-at="2023-07-16T20:57:58 IST" name="beforeMethod" finished-at="2023-07-16T20:57:58 IST" duration-ms="1" status="PASS">
          <reporter-output>
          </reporter-output>
        </test-method> <!-- beforeMethod -->
        <test-method signature="test3()[pri:0, instance:seleniumPrograms.TestNG2@53ce1329]" started-at="2023-07-16T20:57:58 IST" name="test3" finished-at="2023-07-16T20:57:58 IST" duration-ms="7" status="PASS">
          <reporter-output>
          </reporter-output>
        </test-method> <!-- test3 -->
        <test-method is-config="true" signature="afterMethod()[pri:0, instance:seleniumPrograms.TestNG2@53ce1329]" started-at="2023-07-16T20:57:58 IST" name="afterMethod" finished-at="2023-07-16T20:57:58 IST" duration-ms="1" status="PASS">
          <reporter-output>
          </reporter-output>
        </test-method> <!-- afterMethod -->
        <test-method is-config="true" signature="afterClass()[pri:0, instance:seleniumPrograms.TestNG2@53ce1329]" started-at="2023-07-16T20:57:58 IST" name="afterClass" finished-at="2023-07-16T20:57:58 IST" duration-ms="1" status="PASS">
          <reporter-output>
          </reporter-output>
        </test-method> <!-- afterClass -->
        <test-method is-config="true" signature="afterTest()[pri:0, instance:seleniumPrograms.TestNG2@53ce1329]" started-at="2023-07-16T20:57:58 IST" name="afterTest" finished-at="2023-07-16T20:57:58 IST" duration-ms="1" status="PASS">
          <reporter-output>
          </reporter-output>
        </test-method> <!-- afterTest -->
        <test-method is-config="true" signature="afterSuite()[pri:0, instance:seleniumPrograms.TestNG2@53ce1329]" started-at="2023-07-16T20:57:58 IST" name="afterSuite" finished-at="2023-07-16T20:57:58 IST" duration-ms="1" status="PASS">
          <reporter-output>
          </reporter-output>
        </test-method> <!-- afterSuite -->
      </class> <!-- seleniumPrograms.TestNG2 -->
    </test> <!-- Multiple tests execution -->
  </suite> <!-- TestNG Suite Demo with xml -->
</testng-results>
