<?xml version="1.0" encoding="UTF-8"?>
<!-- Generated by org.testng.reporters.JUnitXMLReporter -->
<testsuite ignored="3" hostname="DESKTOP-HPDBO82" failures="0" tests="1" name="Default test" time="31.388" errors="0" timestamp="2023-07-16T20:46:07 IST">
  <testcase classname="seleniumPrograms.ScrollPageWithTestNG" name="test2" time="2.794"/>
  <testcase classname="seleniumPrograms.ScrollPageWithTestNG" name="test3" time="0.0">
    <ignored/>
  </testcase> <!-- test3 -->
  <testcase classname="seleniumPrograms.ScrollPageWithTestNG" name="test4" time="0.0">
    <ignored/>
  </testcase> <!-- test4 -->
  <testcase classname="seleniumPrograms.ScrollPageWithTestNG" name="test1" time="0.0">
    <ignored/>
  </testcase> <!-- test1 -->
</testsuite> <!-- Default test -->
